Determining if the pthread_create exist failed with the following output:
Change Dir: /home/kanakim/Documents/ouster_example/ouster_viz/build/CMakeFiles/CMakeTmp

Run Build Command:"/usr/bin/make" "cmTC_3396c/fast"
/usr/bin/make -f CMakeFiles/cmTC_3396c.dir/build.make CMakeFiles/cmTC_3396c.dir/build
make[1]: Entering directory '/home/kanakim/Documents/ouster_example/ouster_viz/build/CMakeFiles/CMakeTmp'
Building C object CMakeFiles/cmTC_3396c.dir/CheckSymbolExists.c.o
/usr/bin/cc    -o CMakeFiles/cmTC_3396c.dir/CheckSymbolExists.c.o   -c /home/kanakim/Documents/ouster_example/ouster_viz/build/CMakeFiles/CMakeTmp/CheckSymbolExists.c
Linking C executable cmTC_3396c
/usr/bin/cmake -E cmake_link_script CMakeFiles/cmTC_3396c.dir/link.txt --verbose=1
/usr/bin/cc      -rdynamic CMakeFiles/cmTC_3396c.dir/CheckSymbolExists.c.o  -o cmTC_3396c 
CMakeFiles/cmTC_3396c.dir/CheckSymbolExists.c.o: In function `main':
CheckSymbolExists.c:(.text+0x1b): undefined reference to `pthread_create'
collect2: error: ld returned 1 exit status
CMakeFiles/cmTC_3396c.dir/build.make:97: recipe for target 'cmTC_3396c' failed
make[1]: *** [cmTC_3396c] Error 1
make[1]: Leaving directory '/home/kanakim/Documents/ouster_example/ouster_viz/build/CMakeFiles/CMakeTmp'
Makefile:126: recipe for target 'cmTC_3396c/fast' failed
make: *** [cmTC_3396c/fast] Error 2

File /home/kanakim/Documents/ouster_example/ouster_viz/build/CMakeFiles/CMakeTmp/CheckSymbolExists.c:
/* */
#include <pthread.h>

int main(int argc, char** argv)
{
  (void)argv;
#ifndef pthread_create
  return ((int*)(&pthread_create))[argc];
#else
  (void)argc;
  return 0;
#endif
}

Determining if the function pthread_create exists in the pthreads failed with the following output:
Change Dir: /home/kanakim/Documents/ouster_example/ouster_viz/build/CMakeFiles/CMakeTmp

Run Build Command:"/usr/bin/make" "cmTC_249fc/fast"
/usr/bin/make -f CMakeFiles/cmTC_249fc.dir/build.make CMakeFiles/cmTC_249fc.dir/build
make[1]: Entering directory '/home/kanakim/Documents/ouster_example/ouster_viz/build/CMakeFiles/CMakeTmp'
Building C object CMakeFiles/cmTC_249fc.dir/CheckFunctionExists.c.o
/usr/bin/cc   -DCHECK_FUNCTION_EXISTS=pthread_create   -o CMakeFiles/cmTC_249fc.dir/CheckFunctionExists.c.o   -c /usr/share/cmake-3.10/Modules/CheckFunctionExists.c
Linking C executable cmTC_249fc
/usr/bin/cmake -E cmake_link_script CMakeFiles/cmTC_249fc.dir/link.txt --verbose=1
/usr/bin/cc  -DCHECK_FUNCTION_EXISTS=pthread_create    -rdynamic CMakeFiles/cmTC_249fc.dir/CheckFunctionExists.c.o  -o cmTC_249fc -lpthreads 
/usr/bin/ld: cannot find -lpthreads
collect2: error: ld returned 1 exit status
CMakeFiles/cmTC_249fc.dir/build.make:97: recipe for target 'cmTC_249fc' failed
make[1]: *** [cmTC_249fc] Error 1
make[1]: Leaving directory '/home/kanakim/Documents/ouster_example/ouster_viz/build/CMakeFiles/CMakeTmp'
Makefile:126: recipe for target 'cmTC_249fc/fast' failed
make: *** [cmTC_249fc/fast] Error 2


